<?xml version="1.0" encoding="UTF-8"?>
<testsuites>
  <testsuite name="" tests="27" assertions="44" errors="0" warnings="0" failures="0" skipped="0" time="0.154587">
    <testsuite name="Project Test Suite" tests="27" assertions="44" errors="0" warnings="0" failures="0" skipped="0" time="0.154587">
      <testsuite name="App\Card\CardGraphixTest" file="/home/alexanderw/dbwebb-kurser/mvc/me/report/tests/Card/CardGraphicTest.php" tests="2" assertions="4" errors="0" warnings="0" failures="0" skipped="0" time="0.008107">
        <testcase name="testCreateObject" class="App\Card\CardGraphixTest" classname="App.Card.CardGraphixTest" file="/home/alexanderw/dbwebb-kurser/mvc/me/report/tests/Card/CardGraphicTest.php" line="16" assertions="3" time="0.007746"/>
        <testcase name="testGetAsString" class="App\Card\CardGraphixTest" classname="App.Card.CardGraphixTest" file="/home/alexanderw/dbwebb-kurser/mvc/me/report/tests/Card/CardGraphicTest.php" line="33" assertions="1" time="0.000361"/>
      </testsuite>
      <testsuite name="App\Card\CardHandTest" file="/home/alexanderw/dbwebb-kurser/mvc/me/report/tests/Card/CardHandTest.php" tests="4" assertions="5" errors="0" warnings="0" failures="0" skipped="0" time="0.001732">
        <testcase name="testCreateObject" class="App\Card\CardHandTest" classname="App.Card.CardHandTest" file="/home/alexanderw/dbwebb-kurser/mvc/me/report/tests/Card/CardHandTest.php" line="16" assertions="2" time="0.000777"/>
        <testcase name="testAddCard" class="App\Card\CardHandTest" classname="App.Card.CardHandTest" file="/home/alexanderw/dbwebb-kurser/mvc/me/report/tests/Card/CardHandTest.php" line="29" assertions="1" time="0.000304"/>
        <testcase name="testGetHandValue" class="App\Card\CardHandTest" classname="App.Card.CardHandTest" file="/home/alexanderw/dbwebb-kurser/mvc/me/report/tests/Card/CardHandTest.php" line="45" assertions="1" time="0.000328"/>
        <testcase name="testGetHandValueWithAce" class="App\Card\CardHandTest" classname="App.Card.CardHandTest" file="/home/alexanderw/dbwebb-kurser/mvc/me/report/tests/Card/CardHandTest.php" line="69" assertions="1" time="0.000322"/>
      </testsuite>
      <testsuite name="App\Card\CardTest" file="/home/alexanderw/dbwebb-kurser/mvc/me/report/tests/Card/CardTest.php" tests="3" assertions="6" errors="0" warnings="0" failures="0" skipped="0" time="0.000912">
        <testcase name="testCreateObject" class="App\Card\CardTest" classname="App.Card.CardTest" file="/home/alexanderw/dbwebb-kurser/mvc/me/report/tests/Card/CardTest.php" line="16" assertions="3" time="0.000313"/>
        <testcase name="testSetters" class="App\Card\CardTest" classname="App.Card.CardTest" file="/home/alexanderw/dbwebb-kurser/mvc/me/report/tests/Card/CardTest.php" line="32" assertions="2" time="0.000301"/>
        <testcase name="testGetAsString" class="App\Card\CardTest" classname="App.Card.CardTest" file="/home/alexanderw/dbwebb-kurser/mvc/me/report/tests/Card/CardTest.php" line="49" assertions="1" time="0.000298"/>
      </testsuite>
      <testsuite name="DeckOfCardsTest" file="/home/alexanderw/dbwebb-kurser/mvc/me/report/tests/Card/DeckOfCardsTest.php" tests="8" assertions="12" errors="0" warnings="0" failures="0" skipped="0" time="0.122369">
        <testcase name="testCreateObject" class="DeckOfCardsTest" classname="DeckOfCardsTest" file="/home/alexanderw/dbwebb-kurser/mvc/me/report/tests/Card/DeckOfCardsTest.php" line="18" assertions="1" time="0.001189"/>
        <testcase name="testGetDeck" class="DeckOfCardsTest" classname="DeckOfCardsTest" file="/home/alexanderw/dbwebb-kurser/mvc/me/report/tests/Card/DeckOfCardsTest.php" line="27" assertions="1" time="0.001158"/>
        <testcase name="testShuffle" class="DeckOfCardsTest" classname="DeckOfCardsTest" file="/home/alexanderw/dbwebb-kurser/mvc/me/report/tests/Card/DeckOfCardsTest.php" line="37" assertions="2" time="0.113303"/>
        <testcase name="testDrawCard" class="DeckOfCardsTest" classname="DeckOfCardsTest" file="/home/alexanderw/dbwebb-kurser/mvc/me/report/tests/Card/DeckOfCardsTest.php" line="49" assertions="2" time="0.000922"/>
        <testcase name="testDrawCardEmptyDeck" class="DeckOfCardsTest" classname="DeckOfCardsTest" file="/home/alexanderw/dbwebb-kurser/mvc/me/report/tests/Card/DeckOfCardsTest.php" line="60" assertions="1" time="0.002066"/>
        <testcase name="testSort" class="DeckOfCardsTest" classname="DeckOfCardsTest" file="/home/alexanderw/dbwebb-kurser/mvc/me/report/tests/Card/DeckOfCardsTest.php" line="75" assertions="2" time="0.002410"/>
        <testcase name="testDrawCards" class="DeckOfCardsTest" classname="DeckOfCardsTest" file="/home/alexanderw/dbwebb-kurser/mvc/me/report/tests/Card/DeckOfCardsTest.php" line="91" assertions="2" time="0.000635"/>
        <testcase name="testDrawCardsDeckSize" class="DeckOfCardsTest" classname="DeckOfCardsTest" file="/home/alexanderw/dbwebb-kurser/mvc/me/report/tests/Card/DeckOfCardsTest.php" line="102" assertions="1" time="0.000687"/>
      </testsuite>
      <testsuite name="TjugoettGameTest" file="/home/alexanderw/dbwebb-kurser/mvc/me/report/tests/Tjugoett/GameTest.php" tests="10" assertions="17" errors="0" warnings="0" failures="0" skipped="0" time="0.021467">
        <testcase name="testCreateObject" class="TjugoettGameTest" classname="TjugoettGameTest" file="/home/alexanderw/dbwebb-kurser/mvc/me/report/tests/Tjugoett/GameTest.php" line="17" assertions="3" time="0.000839"/>
        <testcase name="testSetPlayer" class="TjugoettGameTest" classname="TjugoettGameTest" file="/home/alexanderw/dbwebb-kurser/mvc/me/report/tests/Tjugoett/GameTest.php" line="32" assertions="2" time="0.000326"/>
        <testcase name="testSetDealer" class="TjugoettGameTest" classname="TjugoettGameTest" file="/home/alexanderw/dbwebb-kurser/mvc/me/report/tests/Tjugoett/GameTest.php" line="45" assertions="2" time="0.000301"/>
        <testcase name="testPlayerValue" class="TjugoettGameTest" classname="TjugoettGameTest" file="/home/alexanderw/dbwebb-kurser/mvc/me/report/tests/Tjugoett/GameTest.php" line="59" assertions="1" time="0.000319"/>
        <testcase name="testDealerValue" class="TjugoettGameTest" classname="TjugoettGameTest" file="/home/alexanderw/dbwebb-kurser/mvc/me/report/tests/Tjugoett/GameTest.php" line="71" assertions="1" time="0.000309"/>
        <testcase name="testNewGame" class="TjugoettGameTest" classname="TjugoettGameTest" file="/home/alexanderw/dbwebb-kurser/mvc/me/report/tests/Tjugoett/GameTest.php" line="83" assertions="4" time="0.000682"/>
        <testcase name="testHit" class="TjugoettGameTest" classname="TjugoettGameTest" file="/home/alexanderw/dbwebb-kurser/mvc/me/report/tests/Tjugoett/GameTest.php" line="103" assertions="1" time="0.000859"/>
        <testcase name="testStand" class="TjugoettGameTest" classname="TjugoettGameTest" file="/home/alexanderw/dbwebb-kurser/mvc/me/report/tests/Tjugoett/GameTest.php" line="116" assertions="1" time="0.000790"/>
        <testcase name="testWinnerDealerWin" class="TjugoettGameTest" classname="TjugoettGameTest" file="/home/alexanderw/dbwebb-kurser/mvc/me/report/tests/Tjugoett/GameTest.php" line="128" assertions="1" time="0.015952"/>
        <testcase name="testWinnerPlayerWin" class="TjugoettGameTest" classname="TjugoettGameTest" file="/home/alexanderw/dbwebb-kurser/mvc/me/report/tests/Tjugoett/GameTest.php" line="152" assertions="1" time="0.001091"/>
      </testsuite>
    </testsuite>
  </testsuite>
</testsuites>
