<?xml version="1.0" encoding="UTF-8"?>
<testsuites>
  <testsuite name="" tests="28" assertions="45" errors="0" warnings="0" failures="0" skipped="0" time="0.155432">
    <testsuite name="Project Test Suite" tests="28" assertions="45" errors="0" warnings="0" failures="0" skipped="0" time="0.155432">
      <testsuite name="App\Card\CardGraphixTest" file="/home/alexanderw/dbwebb-kurser/mvc/me/report/tests/Card/CardGraphicTest.php" tests="2" assertions="4" errors="0" warnings="0" failures="0" skipped="0" time="0.007858">
        <testcase name="testCreateObject" class="App\Card\CardGraphixTest" classname="App.Card.CardGraphixTest" file="/home/alexanderw/dbwebb-kurser/mvc/me/report/tests/Card/CardGraphicTest.php" line="16" assertions="3" time="0.007506"/>
        <testcase name="testGetAsString" class="App\Card\CardGraphixTest" classname="App.Card.CardGraphixTest" file="/home/alexanderw/dbwebb-kurser/mvc/me/report/tests/Card/CardGraphicTest.php" line="33" assertions="1" time="0.000351"/>
      </testsuite>
      <testsuite name="App\Card\CardHandTest" file="/home/alexanderw/dbwebb-kurser/mvc/me/report/tests/Card/CardHandTest.php" tests="4" assertions="5" errors="0" warnings="0" failures="0" skipped="0" time="0.001769">
        <testcase name="testCreateObject" class="App\Card\CardHandTest" classname="App.Card.CardHandTest" file="/home/alexanderw/dbwebb-kurser/mvc/me/report/tests/Card/CardHandTest.php" line="16" assertions="2" time="0.000706"/>
        <testcase name="testAddCard" class="App\Card\CardHandTest" classname="App.Card.CardHandTest" file="/home/alexanderw/dbwebb-kurser/mvc/me/report/tests/Card/CardHandTest.php" line="29" assertions="1" time="0.000295"/>
        <testcase name="testGetHandValue" class="App\Card\CardHandTest" classname="App.Card.CardHandTest" file="/home/alexanderw/dbwebb-kurser/mvc/me/report/tests/Card/CardHandTest.php" line="45" assertions="1" time="0.000448"/>
        <testcase name="testGetHandValueWithAce" class="App\Card\CardHandTest" classname="App.Card.CardHandTest" file="/home/alexanderw/dbwebb-kurser/mvc/me/report/tests/Card/CardHandTest.php" line="69" assertions="1" time="0.000319"/>
      </testsuite>
      <testsuite name="App\Card\CardTest" file="/home/alexanderw/dbwebb-kurser/mvc/me/report/tests/Card/CardTest.php" tests="3" assertions="6" errors="0" warnings="0" failures="0" skipped="0" time="0.000913">
        <testcase name="testCreateObject" class="App\Card\CardTest" classname="App.Card.CardTest" file="/home/alexanderw/dbwebb-kurser/mvc/me/report/tests/Card/CardTest.php" line="16" assertions="3" time="0.000323"/>
        <testcase name="testSetters" class="App\Card\CardTest" classname="App.Card.CardTest" file="/home/alexanderw/dbwebb-kurser/mvc/me/report/tests/Card/CardTest.php" line="32" assertions="2" time="0.000298"/>
        <testcase name="testGetAsString" class="App\Card\CardTest" classname="App.Card.CardTest" file="/home/alexanderw/dbwebb-kurser/mvc/me/report/tests/Card/CardTest.php" line="49" assertions="1" time="0.000292"/>
      </testsuite>
      <testsuite name="DeckOfCardsTest" file="/home/alexanderw/dbwebb-kurser/mvc/me/report/tests/Card/DeckOfCardsTest.php" tests="8" assertions="12" errors="0" warnings="0" failures="0" skipped="0" time="0.122818">
        <testcase name="testCreateObject" class="DeckOfCardsTest" classname="DeckOfCardsTest" file="/home/alexanderw/dbwebb-kurser/mvc/me/report/tests/Card/DeckOfCardsTest.php" line="18" assertions="1" time="0.001253"/>
        <testcase name="testGetDeck" class="DeckOfCardsTest" classname="DeckOfCardsTest" file="/home/alexanderw/dbwebb-kurser/mvc/me/report/tests/Card/DeckOfCardsTest.php" line="27" assertions="1" time="0.001125"/>
        <testcase name="testShuffle" class="DeckOfCardsTest" classname="DeckOfCardsTest" file="/home/alexanderw/dbwebb-kurser/mvc/me/report/tests/Card/DeckOfCardsTest.php" line="37" assertions="2" time="0.114046"/>
        <testcase name="testDrawCard" class="DeckOfCardsTest" classname="DeckOfCardsTest" file="/home/alexanderw/dbwebb-kurser/mvc/me/report/tests/Card/DeckOfCardsTest.php" line="49" assertions="2" time="0.001285"/>
        <testcase name="testDrawCardEmptyDeck" class="DeckOfCardsTest" classname="DeckOfCardsTest" file="/home/alexanderw/dbwebb-kurser/mvc/me/report/tests/Card/DeckOfCardsTest.php" line="60" assertions="1" time="0.001687"/>
        <testcase name="testSort" class="DeckOfCardsTest" classname="DeckOfCardsTest" file="/home/alexanderw/dbwebb-kurser/mvc/me/report/tests/Card/DeckOfCardsTest.php" line="75" assertions="2" time="0.002227"/>
        <testcase name="testDrawCards" class="DeckOfCardsTest" classname="DeckOfCardsTest" file="/home/alexanderw/dbwebb-kurser/mvc/me/report/tests/Card/DeckOfCardsTest.php" line="91" assertions="2" time="0.000600"/>
        <testcase name="testDrawCardsDeckSize" class="DeckOfCardsTest" classname="DeckOfCardsTest" file="/home/alexanderw/dbwebb-kurser/mvc/me/report/tests/Card/DeckOfCardsTest.php" line="102" assertions="1" time="0.000595"/>
      </testsuite>
      <testsuite name="TjugoettGameTest" file="/home/alexanderw/dbwebb-kurser/mvc/me/report/tests/Tjugoett/GameTest.php" tests="11" assertions="18" errors="0" warnings="0" failures="0" skipped="0" time="0.022075">
        <testcase name="testCreateObject" class="TjugoettGameTest" classname="TjugoettGameTest" file="/home/alexanderw/dbwebb-kurser/mvc/me/report/tests/Tjugoett/GameTest.php" line="18" assertions="3" time="0.001585"/>
        <testcase name="testSetPlayer" class="TjugoettGameTest" classname="TjugoettGameTest" file="/home/alexanderw/dbwebb-kurser/mvc/me/report/tests/Tjugoett/GameTest.php" line="33" assertions="2" time="0.000353"/>
        <testcase name="testSetDealer" class="TjugoettGameTest" classname="TjugoettGameTest" file="/home/alexanderw/dbwebb-kurser/mvc/me/report/tests/Tjugoett/GameTest.php" line="46" assertions="2" time="0.000327"/>
        <testcase name="testPlayerValue" class="TjugoettGameTest" classname="TjugoettGameTest" file="/home/alexanderw/dbwebb-kurser/mvc/me/report/tests/Tjugoett/GameTest.php" line="60" assertions="1" time="0.000382"/>
        <testcase name="testDealerValue" class="TjugoettGameTest" classname="TjugoettGameTest" file="/home/alexanderw/dbwebb-kurser/mvc/me/report/tests/Tjugoett/GameTest.php" line="72" assertions="1" time="0.000308"/>
        <testcase name="testNewGame" class="TjugoettGameTest" classname="TjugoettGameTest" file="/home/alexanderw/dbwebb-kurser/mvc/me/report/tests/Tjugoett/GameTest.php" line="84" assertions="4" time="0.000672"/>
        <testcase name="testHit" class="TjugoettGameTest" classname="TjugoettGameTest" file="/home/alexanderw/dbwebb-kurser/mvc/me/report/tests/Tjugoett/GameTest.php" line="104" assertions="1" time="0.000650"/>
        <testcase name="testStand" class="TjugoettGameTest" classname="TjugoettGameTest" file="/home/alexanderw/dbwebb-kurser/mvc/me/report/tests/Tjugoett/GameTest.php" line="117" assertions="1" time="0.000647"/>
        <testcase name="testWinnerDealerWin" class="TjugoettGameTest" classname="TjugoettGameTest" file="/home/alexanderw/dbwebb-kurser/mvc/me/report/tests/Tjugoett/GameTest.php" line="129" assertions="1" time="0.015113"/>
        <testcase name="testWinnerPlayerWin" class="TjugoettGameTest" classname="TjugoettGameTest" file="/home/alexanderw/dbwebb-kurser/mvc/me/report/tests/Tjugoett/GameTest.php" line="153" assertions="1" time="0.000974"/>
        <testcase name="testDealersTurn" class="TjugoettGameTest" classname="TjugoettGameTest" file="/home/alexanderw/dbwebb-kurser/mvc/me/report/tests/Tjugoett/GameTest.php" line="173" assertions="1" time="0.001064"/>
      </testsuite>
    </testsuite>
  </testsuite>
</testsuites>
