<?xml version="1.0" encoding="UTF-8"?>
<testsuites>
  <testsuite name="" tests="28" assertions="45" errors="0" warnings="0" failures="0" skipped="0" time="0.179834">
    <testsuite name="Project Test Suite" tests="28" assertions="45" errors="0" warnings="0" failures="0" skipped="0" time="0.179834">
      <testsuite name="App\Card\CardGraphixTest" file="/home/alexanderw/dbwebb-kurser/mvc/me/report/tests/Card/CardGraphicTest.php" tests="2" assertions="4" errors="0" warnings="0" failures="0" skipped="0" time="0.009536">
        <testcase name="testCreateObject" class="App\Card\CardGraphixTest" classname="App.Card.CardGraphixTest" file="/home/alexanderw/dbwebb-kurser/mvc/me/report/tests/Card/CardGraphicTest.php" line="16" assertions="3" time="0.009019"/>
        <testcase name="testGetAsString" class="App\Card\CardGraphixTest" classname="App.Card.CardGraphixTest" file="/home/alexanderw/dbwebb-kurser/mvc/me/report/tests/Card/CardGraphicTest.php" line="33" assertions="1" time="0.000516"/>
      </testsuite>
      <testsuite name="App\Card\CardHandTest" file="/home/alexanderw/dbwebb-kurser/mvc/me/report/tests/Card/CardHandTest.php" tests="4" assertions="5" errors="0" warnings="0" failures="0" skipped="0" time="0.001769">
        <testcase name="testCreateObject" class="App\Card\CardHandTest" classname="App.Card.CardHandTest" file="/home/alexanderw/dbwebb-kurser/mvc/me/report/tests/Card/CardHandTest.php" line="16" assertions="2" time="0.000711"/>
        <testcase name="testAddCard" class="App\Card\CardHandTest" classname="App.Card.CardHandTest" file="/home/alexanderw/dbwebb-kurser/mvc/me/report/tests/Card/CardHandTest.php" line="29" assertions="1" time="0.000349"/>
        <testcase name="testGetHandValue" class="App\Card\CardHandTest" classname="App.Card.CardHandTest" file="/home/alexanderw/dbwebb-kurser/mvc/me/report/tests/Card/CardHandTest.php" line="45" assertions="1" time="0.000344"/>
        <testcase name="testGetHandValueWithAce" class="App\Card\CardHandTest" classname="App.Card.CardHandTest" file="/home/alexanderw/dbwebb-kurser/mvc/me/report/tests/Card/CardHandTest.php" line="69" assertions="1" time="0.000365"/>
      </testsuite>
      <testsuite name="App\Card\CardTest" file="/home/alexanderw/dbwebb-kurser/mvc/me/report/tests/Card/CardTest.php" tests="3" assertions="6" errors="0" warnings="0" failures="0" skipped="0" time="0.001631">
        <testcase name="testCreateObject" class="App\Card\CardTest" classname="App.Card.CardTest" file="/home/alexanderw/dbwebb-kurser/mvc/me/report/tests/Card/CardTest.php" line="16" assertions="3" time="0.000342"/>
        <testcase name="testSetters" class="App\Card\CardTest" classname="App.Card.CardTest" file="/home/alexanderw/dbwebb-kurser/mvc/me/report/tests/Card/CardTest.php" line="32" assertions="2" time="0.000912"/>
        <testcase name="testGetAsString" class="App\Card\CardTest" classname="App.Card.CardTest" file="/home/alexanderw/dbwebb-kurser/mvc/me/report/tests/Card/CardTest.php" line="49" assertions="1" time="0.000377"/>
      </testsuite>
      <testsuite name="DeckOfCardsTest" file="/home/alexanderw/dbwebb-kurser/mvc/me/report/tests/Card/DeckOfCardsTest.php" tests="8" assertions="12" errors="0" warnings="0" failures="0" skipped="0" time="0.145639">
        <testcase name="testCreateObject" class="DeckOfCardsTest" classname="DeckOfCardsTest" file="/home/alexanderw/dbwebb-kurser/mvc/me/report/tests/Card/DeckOfCardsTest.php" line="18" assertions="1" time="0.001226"/>
        <testcase name="testGetDeck" class="DeckOfCardsTest" classname="DeckOfCardsTest" file="/home/alexanderw/dbwebb-kurser/mvc/me/report/tests/Card/DeckOfCardsTest.php" line="27" assertions="1" time="0.001420"/>
        <testcase name="testShuffle" class="DeckOfCardsTest" classname="DeckOfCardsTest" file="/home/alexanderw/dbwebb-kurser/mvc/me/report/tests/Card/DeckOfCardsTest.php" line="37" assertions="2" time="0.135810"/>
        <testcase name="testDrawCard" class="DeckOfCardsTest" classname="DeckOfCardsTest" file="/home/alexanderw/dbwebb-kurser/mvc/me/report/tests/Card/DeckOfCardsTest.php" line="49" assertions="2" time="0.000863"/>
        <testcase name="testDrawCardEmptyDeck" class="DeckOfCardsTest" classname="DeckOfCardsTest" file="/home/alexanderw/dbwebb-kurser/mvc/me/report/tests/Card/DeckOfCardsTest.php" line="60" assertions="1" time="0.002079"/>
        <testcase name="testSort" class="DeckOfCardsTest" classname="DeckOfCardsTest" file="/home/alexanderw/dbwebb-kurser/mvc/me/report/tests/Card/DeckOfCardsTest.php" line="75" assertions="2" time="0.003009"/>
        <testcase name="testDrawCards" class="DeckOfCardsTest" classname="DeckOfCardsTest" file="/home/alexanderw/dbwebb-kurser/mvc/me/report/tests/Card/DeckOfCardsTest.php" line="91" assertions="2" time="0.000616"/>
        <testcase name="testDrawCardsDeckSize" class="DeckOfCardsTest" classname="DeckOfCardsTest" file="/home/alexanderw/dbwebb-kurser/mvc/me/report/tests/Card/DeckOfCardsTest.php" line="102" assertions="1" time="0.000616"/>
      </testsuite>
      <testsuite name="TjugoettGameTest" file="/home/alexanderw/dbwebb-kurser/mvc/me/report/tests/Tjugoett/GameTest.php" tests="11" assertions="18" errors="0" warnings="0" failures="0" skipped="0" time="0.021259">
        <testcase name="testCreateObject" class="TjugoettGameTest" classname="TjugoettGameTest" file="/home/alexanderw/dbwebb-kurser/mvc/me/report/tests/Tjugoett/GameTest.php" line="18" assertions="3" time="0.001753"/>
        <testcase name="testSetPlayer" class="TjugoettGameTest" classname="TjugoettGameTest" file="/home/alexanderw/dbwebb-kurser/mvc/me/report/tests/Tjugoett/GameTest.php" line="33" assertions="2" time="0.000429"/>
        <testcase name="testSetDealer" class="TjugoettGameTest" classname="TjugoettGameTest" file="/home/alexanderw/dbwebb-kurser/mvc/me/report/tests/Tjugoett/GameTest.php" line="46" assertions="2" time="0.000481"/>
        <testcase name="testPlayerValue" class="TjugoettGameTest" classname="TjugoettGameTest" file="/home/alexanderw/dbwebb-kurser/mvc/me/report/tests/Tjugoett/GameTest.php" line="60" assertions="1" time="0.000483"/>
        <testcase name="testDealerValue" class="TjugoettGameTest" classname="TjugoettGameTest" file="/home/alexanderw/dbwebb-kurser/mvc/me/report/tests/Tjugoett/GameTest.php" line="72" assertions="1" time="0.000308"/>
        <testcase name="testNewGame" class="TjugoettGameTest" classname="TjugoettGameTest" file="/home/alexanderw/dbwebb-kurser/mvc/me/report/tests/Tjugoett/GameTest.php" line="84" assertions="4" time="0.000685"/>
        <testcase name="testHit" class="TjugoettGameTest" classname="TjugoettGameTest" file="/home/alexanderw/dbwebb-kurser/mvc/me/report/tests/Tjugoett/GameTest.php" line="104" assertions="1" time="0.000657"/>
        <testcase name="testStand" class="TjugoettGameTest" classname="TjugoettGameTest" file="/home/alexanderw/dbwebb-kurser/mvc/me/report/tests/Tjugoett/GameTest.php" line="117" assertions="1" time="0.000690"/>
        <testcase name="testWinnerDealerWin" class="TjugoettGameTest" classname="TjugoettGameTest" file="/home/alexanderw/dbwebb-kurser/mvc/me/report/tests/Tjugoett/GameTest.php" line="129" assertions="1" time="0.014120"/>
        <testcase name="testWinnerPlayerWin" class="TjugoettGameTest" classname="TjugoettGameTest" file="/home/alexanderw/dbwebb-kurser/mvc/me/report/tests/Tjugoett/GameTest.php" line="153" assertions="1" time="0.000954"/>
        <testcase name="testDealersTurn" class="TjugoettGameTest" classname="TjugoettGameTest" file="/home/alexanderw/dbwebb-kurser/mvc/me/report/tests/Tjugoett/GameTest.php" line="173" assertions="1" time="0.000700"/>
      </testsuite>
    </testsuite>
  </testsuite>
</testsuites>
